{
  "stats": {
    "suites": 2,
    "tests": 12,
    "passes": 12,
    "pending": 0,
    "failures": 0,
    "testsRegistered": 12,
    "passPercent": 100,
    "pendingPercent": 0,
    "other": 0,
    "hasOther": false,
    "skipped": 0,
    "hasSkipped": false,
    "start": "2024-01-03T23:56:21.027Z",
    "end": "2024-01-03T23:58:42.277Z",
    "duration": 141250
  },
  "results": [
    {
      "uuid": "64849044-359d-499b-9178-42d0cd836f30",
      "title": "",
      "fullFile": "cypress/e2e/web/create-note-spec.js",
      "file": "cypress/e2e/web/create-note-spec.js",
      "beforeHooks": [],
      "afterHooks": [],
      "tests": [],
      "suites": [
        {
          "uuid": "6c7bd7be-5170-4082-8665-bee6227d12f8",
          "title": "Note - Create Note with Different Categories and Different Statuses (i.e. Complete and InComplete)",
          "fullFile": "",
          "file": "",
          "beforeHooks": [],
          "afterHooks": [],
          "tests": [
            {
              "title": "Opening Note Home Page for First Time",
              "fullTitle": "Note - Create Note with Different Categories and Different Statuses (i.e. Complete and InComplete) Opening Note Home Page for First Time",
              "timedOut": null,
              "duration": 13795,
              "state": "passed",
              "speed": "slow",
              "pass": true,
              "fail": false,
              "pending": false,
              "context": null,
              "code": "",
              "err": {},
              "uuid": "bff5f142-5876-4bdd-b3fd-01a64a47fe4e",
              "parentUUID": "6c7bd7be-5170-4082-8665-bee6227d12f8",
              "isHook": false,
              "skipped": false
            },
            {
              "title": "Creating Note - Home Category",
              "fullTitle": "Note - Create Note with Different Categories and Different Statuses (i.e. Complete and InComplete) Creating Note - Home Category",
              "timedOut": null,
              "duration": 8321,
              "state": "passed",
              "speed": "medium",
              "pass": true,
              "fail": false,
              "pending": false,
              "context": null,
              "code": "",
              "err": {},
              "uuid": "06fe0688-8b03-4f22-a3ef-7c6466e09de3",
              "parentUUID": "6c7bd7be-5170-4082-8665-bee6227d12f8",
              "isHook": false,
              "skipped": false
            },
            {
              "title": "Creating Note - Home Category and Making It Complete",
              "fullTitle": "Note - Create Note with Different Categories and Different Statuses (i.e. Complete and InComplete) Creating Note - Home Category and Making It Complete",
              "timedOut": null,
              "duration": 14378,
              "state": "passed",
              "speed": "slow",
              "pass": true,
              "fail": false,
              "pending": false,
              "context": null,
              "code": "",
              "err": {},
              "uuid": "0d082980-e8b7-4226-8b46-ce6284ab88b2",
              "parentUUID": "6c7bd7be-5170-4082-8665-bee6227d12f8",
              "isHook": false,
              "skipped": false
            },
            {
              "title": "Creating Note - Home Category with Complete status and marking it incomplete",
              "fullTitle": "Note - Create Note with Different Categories and Different Statuses (i.e. Complete and InComplete) Creating Note - Home Category with Complete status and marking it incomplete",
              "timedOut": null,
              "duration": 16339,
              "state": "passed",
              "speed": "slow",
              "pass": true,
              "fail": false,
              "pending": false,
              "context": null,
              "code": "",
              "err": {},
              "uuid": "48f190be-24fd-40b6-ab86-24f76afc1c66",
              "parentUUID": "6c7bd7be-5170-4082-8665-bee6227d12f8",
              "isHook": false,
              "skipped": false
            },
            {
              "title": "Creating Note - 'Work' Category and Making It Complete",
              "fullTitle": "Note - Create Note with Different Categories and Different Statuses (i.e. Complete and InComplete) Creating Note - 'Work' Category and Making It Complete",
              "timedOut": null,
              "duration": 14456,
              "state": "passed",
              "speed": "slow",
              "pass": true,
              "fail": false,
              "pending": false,
              "context": null,
              "code": "",
              "err": {},
              "uuid": "1fef7350-0b9f-444d-8a12-31b06d5bc21e",
              "parentUUID": "6c7bd7be-5170-4082-8665-bee6227d12f8",
              "isHook": false,
              "skipped": false
            },
            {
              "title": "Creating Note - 'Work' Category with Complete status and marking it incomplete",
              "fullTitle": "Note - Create Note with Different Categories and Different Statuses (i.e. Complete and InComplete) Creating Note - 'Work' Category with Complete status and marking it incomplete",
              "timedOut": null,
              "duration": 16407,
              "state": "passed",
              "speed": "slow",
              "pass": true,
              "fail": false,
              "pending": false,
              "context": null,
              "code": "",
              "err": {},
              "uuid": "ad166aef-d1c5-4d86-a780-9b601ec44139",
              "parentUUID": "6c7bd7be-5170-4082-8665-bee6227d12f8",
              "isHook": false,
              "skipped": false
            },
            {
              "title": "Creating Note - 'Personal' Category and Making It Complete",
              "fullTitle": "Note - Create Note with Different Categories and Different Statuses (i.e. Complete and InComplete) Creating Note - 'Personal' Category and Making It Complete",
              "timedOut": null,
              "duration": 14663,
              "state": "passed",
              "speed": "slow",
              "pass": true,
              "fail": false,
              "pending": false,
              "context": null,
              "code": "",
              "err": {},
              "uuid": "cca55ebf-32d9-4d70-9ec2-894da1d16eab",
              "parentUUID": "6c7bd7be-5170-4082-8665-bee6227d12f8",
              "isHook": false,
              "skipped": false
            },
            {
              "title": "Creating Note - 'Personal' Category with Complete status and marking it incomplete",
              "fullTitle": "Note - Create Note with Different Categories and Different Statuses (i.e. Complete and InComplete) Creating Note - 'Personal' Category with Complete status and marking it incomplete",
              "timedOut": null,
              "duration": 16194,
              "state": "passed",
              "speed": "slow",
              "pass": true,
              "fail": false,
              "pending": false,
              "context": null,
              "code": "",
              "err": {},
              "uuid": "091c6172-c172-43b9-90e9-911faf31260e",
              "parentUUID": "6c7bd7be-5170-4082-8665-bee6227d12f8",
              "isHook": false,
              "skipped": false
            }
          ],
          "suites": [],
          "passes": [
            "bff5f142-5876-4bdd-b3fd-01a64a47fe4e",
            "06fe0688-8b03-4f22-a3ef-7c6466e09de3",
            "0d082980-e8b7-4226-8b46-ce6284ab88b2",
            "48f190be-24fd-40b6-ab86-24f76afc1c66",
            "1fef7350-0b9f-444d-8a12-31b06d5bc21e",
            "ad166aef-d1c5-4d86-a780-9b601ec44139",
            "cca55ebf-32d9-4d70-9ec2-894da1d16eab",
            "091c6172-c172-43b9-90e9-911faf31260e"
          ],
          "failures": [],
          "pending": [],
          "skipped": [],
          "duration": 114553,
          "root": false,
          "rootEmpty": false,
          "_timeout": 2000
        }
      ],
      "passes": [],
      "failures": [],
      "pending": [],
      "skipped": [],
      "duration": 0,
      "root": true,
      "rootEmpty": true,
      "_timeout": 2000
    },
    {
      "uuid": "7b0f91a0-6714-4521-9308-521047f7f57c",
      "title": "",
      "fullFile": "cypress/e2e/web/register-login-spec.js",
      "file": "cypress/e2e/web/register-login-spec.js",
      "beforeHooks": [],
      "afterHooks": [],
      "tests": [],
      "suites": [
        {
          "uuid": "33e93d61-9a55-4021-add3-e9b368e9f94f",
          "title": "Notes - Register User Web",
          "fullFile": "",
          "file": "",
          "beforeHooks": [],
          "afterHooks": [],
          "tests": [
            {
              "title": "Register User with Email and Password and then login it",
              "fullTitle": "Notes - Register User Web Register User with Email and Password and then login it",
              "timedOut": null,
              "duration": 10118,
              "state": "passed",
              "speed": "slow",
              "pass": true,
              "fail": false,
              "pending": false,
              "context": null,
              "code": "",
              "err": {},
              "uuid": "98940d7d-2ae2-451f-9836-9c7974728e86",
              "parentUUID": "33e93d61-9a55-4021-add3-e9b368e9f94f",
              "isHook": false,
              "skipped": false
            },
            {
              "title": "Register User with Existing Email",
              "fullTitle": "Notes - Register User Web Register User with Existing Email",
              "timedOut": null,
              "duration": 5244,
              "state": "passed",
              "speed": "medium",
              "pass": true,
              "fail": false,
              "pending": false,
              "context": null,
              "code": "",
              "err": {},
              "uuid": "41ca41e5-5c0e-4f77-b141-40bb05d161f6",
              "parentUUID": "33e93d61-9a55-4021-add3-e9b368e9f94f",
              "isHook": false,
              "skipped": false
            }
          ],
          "suites": [],
          "passes": [
            "98940d7d-2ae2-451f-9836-9c7974728e86",
            "41ca41e5-5c0e-4f77-b141-40bb05d161f6"
          ],
          "failures": [],
          "pending": [],
          "skipped": [],
          "duration": 15362,
          "root": false,
          "rootEmpty": false,
          "_timeout": 2000
        },
        {
          "uuid": "0597b0c9-8383-4050-9aea-154441e5d27d",
          "title": "Notes - Login User Web",
          "fullFile": "",
          "file": "",
          "beforeHooks": [],
          "afterHooks": [],
          "tests": [
            {
              "title": "Login with Valid credentials and Logout",
              "fullTitle": "Notes - Login User Web Login with Valid credentials and Logout",
              "timedOut": null,
              "duration": 5490,
              "state": "passed",
              "speed": "medium",
              "pass": true,
              "fail": false,
              "pending": false,
              "context": null,
              "code": "",
              "err": {},
              "uuid": "e07a0760-9026-4d66-90af-bbf83579404c",
              "parentUUID": "0597b0c9-8383-4050-9aea-154441e5d27d",
              "isHook": false,
              "skipped": false
            },
            {
              "title": "Login with InValid credentials",
              "fullTitle": "Notes - Login User Web Login with InValid credentials",
              "timedOut": null,
              "duration": 4456,
              "state": "passed",
              "speed": "fast",
              "pass": true,
              "fail": false,
              "pending": false,
              "context": null,
              "code": "",
              "err": {},
              "uuid": "88ff5bb5-e644-4fb4-a8be-ac4f75c62164",
              "parentUUID": "0597b0c9-8383-4050-9aea-154441e5d27d",
              "isHook": false,
              "skipped": false
            }
          ],
          "suites": [],
          "passes": [
            "e07a0760-9026-4d66-90af-bbf83579404c",
            "88ff5bb5-e644-4fb4-a8be-ac4f75c62164"
          ],
          "failures": [],
          "pending": [],
          "skipped": [],
          "duration": 9946,
          "root": false,
          "rootEmpty": false,
          "_timeout": 2000
        }
      ],
      "passes": [],
      "failures": [],
      "pending": [],
      "skipped": [],
      "duration": 0,
      "root": true,
      "rootEmpty": true,
      "_timeout": 2000
    }
  ],
  "meta": {
    "mocha": {
      "version": "7.0.1"
    },
    "mochawesome": {
      "options": {
        "quiet": false,
        "reportFilename": "mochawesome",
        "saveHtml": false,
        "saveJson": true,
        "consoleReporter": "spec",
        "useInlineDiffs": false,
        "code": false
      },
      "version": "7.1.3"
    },
    "marge": {
      "options": {
        "id": "default",
        "reportDir": "cypress/results/mochawesome",
        "quite": true,
        "overwrite": false,
        "html": false,
        "json": true,
        "code": false,
        "timestamp": "longDate"
      },
      "version": "6.2.0"
    }
  }
}